2023-04-25T07:24:55+00:00 DEBUG Tt4b_Pixel_Class::inject_start_checkout: hit injectStartCheckout
2023-04-25T07:24:55+00:00 DEBUG Tt4b_Pixel_Class::inject_start_checkout: Missing option "access_token"
2023-04-25T07:25:11+00:00 DEBUG Tt4b_Pixel_Class::inject_start_checkout: hit injectStartCheckout
2023-04-25T07:25:11+00:00 DEBUG Tt4b_Pixel_Class::inject_start_checkout: Missing option "access_token"
2023-04-25T07:25:52+00:00 DEBUG Tt4b_Pixel_Class::inject_start_checkout: hit injectStartCheckout
2023-04-25T07:25:52+00:00 DEBUG Tt4b_Pixel_Class::inject_start_checkout: Missing option "access_token"
2023-04-25T07:26:09+00:00 DEBUG Tt4b_Pixel_Class::inject_start_checkout: hit injectStartCheckout
2023-04-25T07:26:09+00:00 DEBUG Tt4b_Pixel_Class::inject_start_checkout: Missing option "access_token"
2023-04-25T07:26:46+00:00 DEBUG Tt4b_Pixel_Class::inject_start_checkout: hit injectStartCheckout
2023-04-25T07:26:46+00:00 DEBUG Tt4b_Pixel_Class::inject_start_checkout: Missing option "access_token"
2023-04-25T07:30:02+00:00 DEBUG Tt4b_Pixel_Class::inject_start_checkout: hit injectStartCheckout
2023-04-25T07:30:02+00:00 DEBUG Tt4b_Pixel_Class::inject_start_checkout: Missing option "access_token"
2023-04-25T07:31:52+00:00 DEBUG Tt4b_Pixel_Class::inject_start_checkout: hit injectStartCheckout
2023-04-25T07:31:52+00:00 DEBUG Tt4b_Pixel_Class::inject_start_checkout: Missing option "access_token"
2023-04-25T07:44:25+00:00 DEBUG Tt4b_Pixel_Class::inject_view_content_event: hit injectViewContentEvent
2023-04-25T07:44:25+00:00 DEBUG Tt4b_Pixel_Class::inject_view_content_event: Missing option "access_token"
2023-04-25T07:54:50+00:00 DEBUG Tt4b_Pixel_Class::inject_view_content_event: hit injectViewContentEvent
2023-04-25T07:54:50+00:00 DEBUG Tt4b_Pixel_Class::inject_view_content_event: Missing option "access_token"
2023-04-25T07:56:05+00:00 DEBUG Tt4b_Pixel_Class::inject_view_content_event: hit injectViewContentEvent
2023-04-25T07:56:05+00:00 DEBUG Tt4b_Pixel_Class::inject_view_content_event: Missing option "access_token"
2023-04-25T07:56:26+00:00 DEBUG Tt4b_Pixel_Class::inject_view_content_event: hit injectViewContentEvent
2023-04-25T07:56:26+00:00 DEBUG Tt4b_Pixel_Class::inject_view_content_event: Missing option "access_token"
2023-04-25T07:59:06+00:00 DEBUG Tt4b_Pixel_Class::inject_view_content_event: hit injectViewContentEvent
2023-04-25T07:59:06+00:00 DEBUG Tt4b_Pixel_Class::inject_view_content_event: Missing option "access_token"
2023-04-25T08:00:45+00:00 DEBUG Tt4b_Pixel_Class::inject_view_content_event: hit injectViewContentEvent
2023-04-25T08:00:45+00:00 DEBUG Tt4b_Pixel_Class::inject_view_content_event: Missing option "access_token"
2023-04-25T08:01:32+00:00 DEBUG Tt4b_Pixel_Class::inject_view_content_event: hit injectViewContentEvent
2023-04-25T08:01:32+00:00 DEBUG Tt4b_Pixel_Class::inject_view_content_event: Missing option "access_token"
2023-04-25T09:04:28+00:00 DEBUG POST: https://business-api.tiktok.com/open_api/v1.2/tbp/business_profile/disconnect/

{"external_business_id":false,"business_platform":"WOO_COMMERCE","is_setup_page":0,"app_id":false}
 ajax: no
2023-04-25T09:04:29+00:00 DEBUG Tt4b_Mapi_Class::mapi_post: Response: 

HTTP/1.1 200 OK
Server: nginx
Content-Type: application/json; charset=utf-8
Content-Length: 103
X-Api-Deprecation-Info: API for Business Version 1.3 is now live. To avoid disruption to your business, we recommend you migrate all calls to v1.3 as soon as possible. Please visit our migration guide for more details: https://ads.tiktok.com/marketing_api/docs?id=1740029169927169
X-Domain-Change-Info: We have moved to the new domain business-api.tiktok.com for API services after the Platform Upgrade on 09/30/2021. Please update all of your requests with the new domain if you haven't done so already. For more information, please visit https://ads.tiktok.com/marketing_api/docs?rid=esb88xalm6m&id=1709207085043713
X-Tt-Logid: 202304250904290FC86D0D6C4863010D22
Server-Timing: inner; dur=3
x-tt-trace-host: 0193a6fb4b614e15a653c94d3c00591e43260376825804d3eaa701008e5bb33fb256b8815b117c3a84b1067f54f81de031b4b8302e83a5e234b3898c1aad469d62ac05dd8108eef1706abf0dff9d32acd01da579ae967f742985230072d901f612
Expires: Tue, 25 Apr 2023 09:04:30 GMT
Cache-Control: max-age=0, no-cache, no-store
Pragma: no-cache
Date: Tue, 25 Apr 2023 09:04:30 GMT
X-Cache: TCP_MISS from a23-199-75-140.deploy.akamaitechnologies.com (AkamaiGHost/11.0.3-47547230) (-)
Connection: close
x-tt-trace-tag: id=16;cdn-cache=miss;type=dyn
Server-Timing: cdn-cache; desc=MISS, edge; dur=3, origin; dur=659
X-Origin-Response-Time: 659,23.199.75.140
X-Akamai-Request-ID: 693ae4a

{"code":40104,"message":"The access_token is empty.","request_id":"202304250904290FC86D0D6C4863010D22"}

2023-04-25T09:04:29+00:00 DEBUG POST: https://business-api.tiktok.com/tbp/v2.0/shop/connection/disconnect?external_data=

--- EMPTY STRING ---
 ajax: no
2023-04-25T09:04:29+00:00 DEBUG Tt4b_Mapi_Class::tts_shop_disconnect: Response: 

HTTP/1.1 200 OK
Server: nginx
Content-Type: application/json; charset=utf-8
Content-Length: 95
X-Api-Deprecation-Info: API for Business Version 1.3 is now live. To avoid disruption to your business, we recommend you migrate all calls to v1.3 as soon as possible. Please visit our migration guide for more details: https://ads.tiktok.com/marketing_api/docs?id=1740029169927169
X-Domain-Change-Info: We have moved to the new domain business-api.tiktok.com for API services after the Platform Upgrade on 09/30/2021. Please update all of your requests with the new domain if you haven't done so already. For more information, please visit https://ads.tiktok.com/marketing_api/docs?rid=esb88xalm6m&id=1709207085043713
X-Tt-Logid: 20230425090429CFCEA1ACD3F06B00C238
x-tt-trace-host: 0193a6fb4b614e15a653c94d3c00591e437007838098131e29c256c6eaa74b0edad14ae05acc7ae14b2505f9089f1eb1860bcd3a24be4ed0c8c6cf7b15588aab05ec5ad06a38882ed5917c2dbb9adb348433ee49b726ec1d5d50e2d87bbc5d60dec795ce7aae6eff984c9580423439b785
X-Origin-Response-Time: 21,184.28.235.135
X-Akamai-Request-ID: 5de9edd9.693af32
Expires: Tue, 25 Apr 2023 09:04:30 GMT
Cache-Control: max-age=0, no-cache, no-store
Pragma: no-cache
Date: Tue, 25 Apr 2023 09:04:30 GMT
X-Cache: TCP_MISS from a23-199-75-140.deploy.akamaitechnologies.com (AkamaiGHost/11.0.3-47547230) (-)
Connection: close
X-Cache-Remote: TCP_MISS from a184-28-235-135.deploy.akamaitechnologies.com (AkamaiGHost/11.0.3-47547230) (-)
x-tt-trace-tag: id=16;cdn-cache=miss;type=dyn
Server-Timing: cdn-cache; desc=MISS, edge; dur=162, origin; dur=21
Server-Timing: inner; dur=13
X-Parent-Response-Time: 180,23.199.75.140

{"code":40001,"message":"Permission denied.","request_id":"20230425090429CFCEA1ACD3F06B00C238"}

