2023-04-20T09:50:53+00:00 DEBUG tt4b_product_sync: missing access token for tt4b_product_sync
2023-04-20T09:51:14+00:00 DEBUG tt4b_product_sync: missing access token for tt4b_product_sync
2023-04-20T09:51:57+00:00 DEBUG tt4b_product_sync: missing access token for tt4b_product_sync
2023-04-20T10:09:16+00:00 DEBUG tt4b_product_sync: missing access token for tt4b_product_sync
2023-04-20T10:15:19+00:00 DEBUG tt4b_product_sync: missing access token for tt4b_product_sync
2023-04-20T10:15:39+00:00 DEBUG tt4b_product_sync: missing access token for tt4b_product_sync
2023-04-20T10:17:39+00:00 DEBUG tt4b_product_sync: missing access token for tt4b_product_sync
2023-04-20T10:22:57+00:00 DEBUG tt4b_product_sync: missing access token for tt4b_product_sync
2023-04-20T10:27:25+00:00 DEBUG tt4b_product_sync: missing access token for tt4b_product_sync
2023-04-20T10:27:38+00:00 DEBUG Tt4b_Pixel_Class::inject_view_content_event: hit injectViewContentEvent
2023-04-20T10:27:38+00:00 DEBUG Tt4b_Pixel_Class::inject_view_content_event: Missing option "access_token"
2023-04-20T10:30:10+00:00 DEBUG tt4b_product_sync: missing access token for tt4b_product_sync
2023-04-20T10:30:23+00:00 DEBUG Tt4b_Pixel_Class::inject_view_content_event: hit injectViewContentEvent
2023-04-20T10:30:23+00:00 DEBUG Tt4b_Pixel_Class::inject_view_content_event: Missing option "access_token"
2023-04-20T10:31:05+00:00 DEBUG tt4b_product_sync: missing access token for tt4b_product_sync
2023-04-20T10:31:17+00:00 DEBUG tt4b_product_sync: missing access token for tt4b_product_sync
2023-04-20T10:31:32+00:00 DEBUG Tt4b_Pixel_Class::inject_view_content_event: hit injectViewContentEvent
2023-04-20T10:31:32+00:00 DEBUG Tt4b_Pixel_Class::inject_view_content_event: Missing option "access_token"
2023-04-20T10:37:47+00:00 DEBUG tt4b_product_sync: missing access token for tt4b_product_sync
2023-04-20T10:38:36+00:00 DEBUG Tt4b_Pixel_Class::inject_view_content_event: hit injectViewContentEvent
2023-04-20T10:38:36+00:00 DEBUG Tt4b_Pixel_Class::inject_view_content_event: Missing option "access_token"
2023-04-20T10:40:41+00:00 DEBUG tt4b_product_sync: missing access token for tt4b_product_sync
2023-04-20T10:41:04+00:00 DEBUG tt4b_product_sync: missing access token for tt4b_product_sync
2023-04-20T10:44:06+00:00 DEBUG tt4b_product_sync: missing access token for tt4b_product_sync
2023-04-20T10:56:46+00:00 DEBUG tt4b_product_sync: missing access token for tt4b_product_sync
2023-04-20T10:56:59+00:00 DEBUG Tt4b_Pixel_Class::inject_view_content_event: hit injectViewContentEvent
2023-04-20T10:56:59+00:00 DEBUG Tt4b_Pixel_Class::inject_view_content_event: Missing option "access_token"
2023-04-20T10:58:21+00:00 DEBUG tt4b_product_sync: missing access token for tt4b_product_sync
2023-04-20T10:59:12+00:00 DEBUG tt4b_product_sync: missing access token for tt4b_product_sync
2023-04-20T10:59:28+00:00 DEBUG Tt4b_Pixel_Class::inject_view_content_event: hit injectViewContentEvent
2023-04-20T10:59:28+00:00 DEBUG Tt4b_Pixel_Class::inject_view_content_event: Missing option "access_token"
2023-04-20T11:02:14+00:00 DEBUG tt4b_product_sync: missing access token for tt4b_product_sync
2023-04-20T11:03:06+00:00 DEBUG tt4b_product_sync: missing access token for tt4b_product_sync
2023-04-20T11:03:19+00:00 DEBUG Tt4b_Pixel_Class::inject_view_content_event: hit injectViewContentEvent
2023-04-20T11:03:19+00:00 DEBUG Tt4b_Pixel_Class::inject_view_content_event: Missing option "access_token"
2023-04-20T11:03:55+00:00 DEBUG tt4b_product_sync: missing access token for tt4b_product_sync
2023-04-20T12:15:02+00:00 DEBUG Tt4b_Pixel_Class::inject_view_content_event: hit injectViewContentEvent
2023-04-20T12:15:02+00:00 DEBUG Tt4b_Pixel_Class::inject_view_content_event: Missing option "access_token"
2023-04-20T12:15:31+00:00 DEBUG tt4b_product_sync: missing access token for tt4b_product_sync
2023-04-20T12:15:31+00:00 DEBUG tt4b_product_delete: missing access token for tt4b_product_sync
2023-04-20T12:52:56+00:00 DEBUG tt4b_product_sync: missing access token for tt4b_product_sync
2023-04-20T12:53:28+00:00 DEBUG tt4b_product_sync: missing access token for tt4b_product_sync
2023-04-20T12:55:40+00:00 DEBUG tt4b_product_sync: missing access token for tt4b_product_sync
2023-04-20T12:56:52+00:00 DEBUG tt4b_product_sync: missing access token for tt4b_product_sync
2023-04-20T12:57:07+00:00 DEBUG Tt4b_Pixel_Class::inject_view_content_event: hit injectViewContentEvent
2023-04-20T12:57:07+00:00 DEBUG Tt4b_Pixel_Class::inject_view_content_event: Missing option "access_token"
2023-04-20T12:57:24+00:00 DEBUG tt4b_product_sync: missing access token for tt4b_product_sync
2023-04-20T12:58:28+00:00 DEBUG tt4b_product_sync: missing access token for tt4b_product_sync
2023-04-20T13:00:19+00:00 DEBUG tt4b_product_sync: missing access token for tt4b_product_sync
2023-04-20T13:00:36+00:00 DEBUG tt4b_product_sync: missing access token for tt4b_product_sync
2023-04-20T13:00:47+00:00 DEBUG Tt4b_Pixel_Class::inject_view_content_event: hit injectViewContentEvent
2023-04-20T13:00:47+00:00 DEBUG Tt4b_Pixel_Class::inject_view_content_event: Missing option "access_token"
2023-04-20T13:02:07+00:00 DEBUG tt4b_product_sync: missing access token for tt4b_product_sync
2023-04-20T13:02:48+00:00 DEBUG tt4b_product_sync: missing access token for tt4b_product_sync
2023-04-20T13:04:50+00:00 DEBUG tt4b_product_sync: missing access token for tt4b_product_sync
2023-04-20T13:06:46+00:00 DEBUG tt4b_product_sync: missing access token for tt4b_product_sync
2023-04-20T13:07:59+00:00 DEBUG tt4b_product_sync: missing access token for tt4b_product_sync
2023-04-20T13:08:09+00:00 DEBUG tt4b_product_sync: missing access token for tt4b_product_sync
2023-04-20T13:08:38+00:00 DEBUG tt4b_product_sync: missing access token for tt4b_product_sync
2023-04-20T13:10:38+00:00 DEBUG tt4b_product_sync: missing access token for tt4b_product_sync
2023-04-20T13:11:10+00:00 DEBUG tt4b_product_sync: missing access token for tt4b_product_sync
2023-04-20T13:11:33+00:00 DEBUG tt4b_product_sync: missing access token for tt4b_product_sync
2023-04-20T13:11:49+00:00 DEBUG tt4b_product_sync: missing access token for tt4b_product_sync
2023-04-20T13:13:21+00:00 DEBUG tt4b_product_sync: missing access token for tt4b_product_sync
2023-04-20T13:14:49+00:00 DEBUG tt4b_product_sync: missing access token for tt4b_product_sync
2023-04-20T13:23:08+00:00 DEBUG Tt4b_Pixel_Class::inject_view_content_event: hit injectViewContentEvent
2023-04-20T13:23:08+00:00 DEBUG Tt4b_Pixel_Class::inject_view_content_event: Missing option "access_token"
2023-04-20T13:35:34+00:00 DEBUG Tt4b_Pixel_Class::inject_add_to_cart_event: hit injectAddToCartEvent
2023-04-20T13:35:34+00:00 DEBUG Tt4b_Pixel_Class::inject_add_to_cart_event: Missing option "access_token"
2023-04-20T13:35:37+00:00 DEBUG Tt4b_Pixel_Class::inject_view_content_event: hit injectViewContentEvent
2023-04-20T13:35:37+00:00 DEBUG Tt4b_Pixel_Class::inject_view_content_event: Missing option "access_token"
2023-04-20T13:35:47+00:00 DEBUG Tt4b_Pixel_Class::inject_add_to_cart_event: hit injectAddToCartEvent
2023-04-20T13:35:47+00:00 DEBUG Tt4b_Pixel_Class::inject_add_to_cart_event: Missing option "access_token"
2023-04-20T13:35:52+00:00 DEBUG Tt4b_Pixel_Class::inject_start_checkout: hit injectStartCheckout
2023-04-20T13:35:52+00:00 DEBUG Tt4b_Pixel_Class::inject_start_checkout: Missing option "access_token"
2023-04-20T13:40:51+00:00 DEBUG tt4b_product_sync: missing access token for tt4b_product_sync
2023-04-20T13:41:24+00:00 DEBUG tt4b_product_sync: missing access token for tt4b_product_sync
2023-04-20T13:41:55+00:00 DEBUG tt4b_product_sync: missing access token for tt4b_product_sync
2023-04-20T13:42:06+00:00 DEBUG tt4b_product_sync: missing access token for tt4b_product_sync
2023-04-20T13:42:14+00:00 DEBUG tt4b_product_sync: missing access token for tt4b_product_sync
2023-04-20T13:42:22+00:00 DEBUG tt4b_product_sync: missing access token for tt4b_product_sync
2023-04-20T13:42:59+00:00 DEBUG tt4b_product_sync: missing access token for tt4b_product_sync
2023-04-20T13:43:55+00:00 DEBUG tt4b_product_sync: missing access token for tt4b_product_sync
2023-04-20T13:48:51+00:00 DEBUG Tt4b_Pixel_Class::inject_view_content_event: hit injectViewContentEvent
2023-04-20T13:48:51+00:00 DEBUG Tt4b_Pixel_Class::inject_view_content_event: Missing option "access_token"
2023-04-20T13:49:08+00:00 DEBUG tt4b_product_sync: missing access token for tt4b_product_sync
2023-04-20T13:49:16+00:00 DEBUG Tt4b_Pixel_Class::inject_view_content_event: hit injectViewContentEvent
2023-04-20T13:49:16+00:00 DEBUG Tt4b_Pixel_Class::inject_view_content_event: Missing option "access_token"
2023-04-20T13:49:24+00:00 DEBUG Tt4b_Pixel_Class::inject_add_to_cart_event: hit injectAddToCartEvent
2023-04-20T13:49:24+00:00 DEBUG Tt4b_Pixel_Class::inject_add_to_cart_event: Missing option "access_token"
2023-04-20T13:49:24+00:00 DEBUG Tt4b_Pixel_Class::inject_view_content_event: hit injectViewContentEvent
2023-04-20T13:49:24+00:00 DEBUG Tt4b_Pixel_Class::inject_view_content_event: Missing option "access_token"
2023-04-20T13:49:28+00:00 DEBUG Tt4b_Pixel_Class::inject_add_to_cart_event: hit injectAddToCartEvent
2023-04-20T13:49:28+00:00 DEBUG Tt4b_Pixel_Class::inject_add_to_cart_event: Missing option "access_token"
2023-04-20T13:49:29+00:00 DEBUG Tt4b_Pixel_Class::inject_view_content_event: hit injectViewContentEvent
2023-04-20T13:49:29+00:00 DEBUG Tt4b_Pixel_Class::inject_view_content_event: Missing option "access_token"
2023-04-20T13:49:46+00:00 DEBUG Tt4b_Pixel_Class::inject_view_content_event: hit injectViewContentEvent
2023-04-20T13:49:46+00:00 DEBUG Tt4b_Pixel_Class::inject_view_content_event: Missing option "access_token"
